[2021-08-30 19:07:54.834] [exthost] [info] extension host started
[2021-08-30 19:07:54.834] [exthost] [info] Skipping acquiring lock for /home/forlan/workspace/livro-receitas/User/workspaceStorage/6737af10ec595a7a7424001925225624.
[2021-08-30 19:07:55.089] [exthost] [info] ExtensionService#_doActivateExtension vscode.microsoft-authentication {"startup":false,"extensionId":{"value":"vscode.microsoft-authentication","_lower":"vscode.microsoft-authentication"},"activationEvent":"onAuthenticationRequest:microsoft"}
[2021-08-30 19:07:55.090] [exthost] [info] ExtensionService#loadCommonJSModule file:///usr/share/code/resources/app/extensions/microsoft-authentication/dist/extension.js
[2021-08-30 19:07:55.232] [exthost] [info] ExtensionService#_doActivateExtension vscode.debug-auto-launch {"startup":true,"extensionId":{"value":"vscode.debug-auto-launch","_lower":"vscode.debug-auto-launch"},"activationEvent":"*"}
[2021-08-30 19:07:55.232] [exthost] [info] ExtensionService#loadCommonJSModule file:///usr/share/code/resources/app/extensions/debug-auto-launch/dist/extension
[2021-08-30 19:07:55.239] [exthost] [info] ExtensionService#_doActivateExtension vscode.git {"startup":true,"extensionId":{"value":"vscode.github","_lower":"vscode.github"},"activationEvent":"*"}
[2021-08-30 19:07:55.239] [exthost] [info] ExtensionService#loadCommonJSModule file:///usr/share/code/resources/app/extensions/git/dist/main
[2021-08-30 19:07:55.607] [exthost] [info] ExtensionService#_doActivateExtension vscode.github {"startup":true,"extensionId":{"value":"vscode.github","_lower":"vscode.github"},"activationEvent":"*"}
[2021-08-30 19:07:55.607] [exthost] [info] ExtensionService#loadCommonJSModule file:///usr/share/code/resources/app/extensions/github/dist/extension.js
[2021-08-30 19:07:55.693] [exthost] [info] ExtensionService#_doActivateExtension ms-vscode.js-debug {"startup":false,"extensionId":{"value":"ms-vscode.js-debug","_lower":"ms-vscode.js-debug"},"activationEvent":"onCommand:extension.js-debug.clearAutoAttachVariables"}
[2021-08-30 19:07:55.693] [exthost] [info] ExtensionService#loadCommonJSModule file:///usr/share/code/resources/app/extensions/ms-vscode.js-debug/src/extension.js
[2021-08-30 19:07:56.097] [exthost] [info] eager extensions activated
[2021-08-30 19:07:56.348] [exthost] [info] ExtensionService#_doActivateExtension vscode.github-authentication {"startup":false,"extensionId":{"value":"vscode.github-authentication","_lower":"vscode.github-authentication"},"activationEvent":"onAuthenticationRequest:github"}
[2021-08-30 19:07:56.348] [exthost] [info] ExtensionService#loadCommonJSModule file:///usr/share/code/resources/app/extensions/github-authentication/dist/extension.js
[2021-08-30 19:07:56.415] [exthost] [info] ExtensionService#_doActivateExtension vscode.emmet {"startup":false,"extensionId":{"value":"vscode.emmet","_lower":"vscode.emmet"},"activationEvent":"onStartupFinished"}
[2021-08-30 19:07:56.415] [exthost] [info] ExtensionService#loadCommonJSModule file:///usr/share/code/resources/app/extensions/emmet/dist/node/emmetNodeMain
[2021-08-30 19:07:56.435] [exthost] [info] ExtensionService#_doActivateExtension vscode.merge-conflict {"startup":false,"extensionId":{"value":"vscode.merge-conflict","_lower":"vscode.merge-conflict"},"activationEvent":"onStartupFinished"}
[2021-08-30 19:07:56.435] [exthost] [info] ExtensionService#loadCommonJSModule file:///usr/share/code/resources/app/extensions/merge-conflict/dist/mergeConflictMain
[2021-08-30 19:08:04.848] [exthost] [info] ExtensionService#_doActivateExtension vscode.configuration-editing {"startup":false,"extensionId":{"value":"vscode.configuration-editing","_lower":"vscode.configuration-editing"},"activationEvent":"onLanguage:jsonc"}
[2021-08-30 19:08:04.848] [exthost] [info] ExtensionService#loadCommonJSModule file:///usr/share/code/resources/app/extensions/configuration-editing/dist/configurationEditingMain
[2021-08-30 19:08:04.854] [exthost] [info] ExtensionService#_doActivateExtension vscode.json-language-features {"startup":false,"extensionId":{"value":"vscode.json-language-features","_lower":"vscode.json-language-features"},"activationEvent":"onLanguage:jsonc"}
[2021-08-30 19:08:04.854] [exthost] [info] ExtensionService#loadCommonJSModule file:///usr/share/code/resources/app/extensions/json-language-features/client/dist/node/jsonClientMain
[2021-08-30 19:08:05.036] [exthost] [info] ExtensionService#_doActivateExtension vscode.typescript-language-features {"startup":false,"extensionId":{"value":"vscode.typescript-language-features","_lower":"vscode.typescript-language-features"},"activationEvent":"onLanguage:jsonc"}
[2021-08-30 19:08:05.036] [exthost] [info] ExtensionService#loadCommonJSModule file:///usr/share/code/resources/app/extensions/typescript-language-features/dist/extension
[2021-08-30 19:08:11.353] [exthost] [warning] [Decorations] CAPPING events from decorations provider vscode.git 272
[2021-08-30 19:08:28.888] [exthost] [info] ExtensionService#_doActivateExtension vscode.extension-editing {"startup":false,"extensionId":{"value":"vscode.extension-editing","_lower":"vscode.extension-editing"},"activationEvent":"onLanguage:markdown"}
[2021-08-30 19:08:28.888] [exthost] [info] ExtensionService#loadCommonJSModule file:///usr/share/code/resources/app/extensions/extension-editing/dist/extensionEditingMain
[2021-08-30 19:08:28.919] [exthost] [info] ExtensionService#_doActivateExtension vscode.markdown-language-features {"startup":false,"extensionId":{"value":"vscode.markdown-language-features","_lower":"vscode.markdown-language-features"},"activationEvent":"onLanguage:markdown"}
[2021-08-30 19:08:28.919] [exthost] [info] ExtensionService#loadCommonJSModule file:///usr/share/code/resources/app/extensions/markdown-language-features/dist/extension
[2021-08-30 19:08:29.575] [exthost] [info] ExtensionService#_doActivateExtension vscode.markdown-math {"startup":false,"extensionId":{"value":"vscode.markdown-language-features","_lower":"vscode.markdown-language-features"},"activationEvent":"api"}
[2021-08-30 19:08:29.575] [exthost] [info] ExtensionService#loadCommonJSModule file:///usr/share/code/resources/app/extensions/markdown-math/dist/extension
[2021-08-30 19:08:29.804] [exthost] [warning] [Decorations] CAPPING events from decorations provider vscode.git 276
[2021-08-30 19:08:34.906] [exthost] [warning] [Decorations] CAPPING events from decorations provider vscode.git 277
[2021-08-30 19:08:55.034] [exthost] [warning] [Decorations] CAPPING events from decorations provider vscode.git 280
[2021-08-30 19:11:21.363] [exthost] [warning] [Decorations] CAPPING events from decorations provider vscode.git 284
[2021-08-30 19:11:26.512] [exthost] [warning] [Decorations] CAPPING events from decorations provider vscode.git 284
[2021-08-30 19:13:21.153] [exthost] [warning] [Decorations] CAPPING events from decorations provider vscode.git 284
[2021-08-30 19:13:26.247] [exthost] [warning] [Decorations] CAPPING events from decorations provider vscode.git 283
[2021-08-30 19:14:57.879] [exthost] [warning] [Decorations] CAPPING events from decorations provider vscode.git 284
[2021-08-30 19:15:55.632] [exthost] [warning] [Decorations] CAPPING events from decorations provider vscode.git 284
[2021-08-30 19:16:00.724] [exthost] [warning] [Decorations] CAPPING events from decorations provider vscode.git 284
[2021-08-30 19:17:00.125] [exthost] [warning] [Decorations] CAPPING events from decorations provider vscode.git 284
[2021-08-30 19:17:08.275] [exthost] [warning] [Decorations] CAPPING events from decorations provider vscode.git 284
[2021-08-30 19:17:13.349] [exthost] [warning] [Decorations] CAPPING events from decorations provider vscode.git 284
[2021-08-30 19:18:08.618] [exthost] [warning] [Decorations] CAPPING events from decorations provider vscode.git 284
[2021-08-30 19:18:13.709] [exthost] [warning] [Decorations] CAPPING events from decorations provider vscode.git 283
[2021-08-30 19:26:57.669] [exthost] [warning] [Decorations] CAPPING events from decorations provider vscode.git 284
[2021-08-30 19:27:02.781] [exthost] [warning] [Decorations] CAPPING events from decorations provider vscode.git 284
[2021-08-30 19:29:23.663] [exthost] [warning] [Decorations] CAPPING events from decorations provider vscode.git 285
[2021-08-30 19:29:53.021] [exthost] [warning] [Decorations] CAPPING events from decorations provider vscode.git 285
[2021-08-30 19:29:58.129] [exthost] [warning] [Decorations] CAPPING events from decorations provider vscode.git 285
[2021-08-30 19:30:20.079] [exthost] [warning] [Decorations] CAPPING events from decorations provider vscode.git 285
[2021-08-30 19:30:25.187] [exthost] [warning] [Decorations] CAPPING events from decorations provider vscode.git 284
[2021-08-30 19:30:46.598] [exthost] [warning] [Decorations] CAPPING events from decorations provider vscode.git 284
[2021-08-30 19:30:51.681] [exthost] [warning] [Decorations] CAPPING events from decorations provider vscode.git 284
[2021-08-30 19:30:57.154] [exthost] [warning] [Decorations] CAPPING events from decorations provider vscode.git 284
[2021-08-30 19:31:02.228] [exthost] [warning] [Decorations] CAPPING events from decorations provider vscode.git 283
[2021-08-30 19:31:56.208] [exthost] [info] ExtensionService#_doActivateExtension vscode.npm {"startup":false,"extensionId":{"value":"vscode.npm","_lower":"vscode.npm"},"activationEvent":"onLanguage:json"}
[2021-08-30 19:31:56.208] [exthost] [info] ExtensionService#loadCommonJSModule file:///usr/share/code/resources/app/extensions/npm/dist/npmMain
[2021-08-30 21:12:15.468] [exthost] [warning] [Decorations] CAPPING events from decorations provider vscode.git 295
[2021-08-30 21:12:27.256] [exthost] [warning] [Decorations] CAPPING events from decorations provider vscode.git 296
[2021-08-30 21:16:59.600] [exthost] [warning] [Decorations] CAPPING events from decorations provider vscode.git 297
[2021-08-30 21:17:32.531] [exthost] [warning] [Decorations] CAPPING events from decorations provider vscode.git 296
[2021-08-30 21:17:42.945] [exthost] [warning] [Decorations] CAPPING events from decorations provider vscode.git 297
[2021-08-30 21:17:48.138] [exthost] [warning] [Decorations] CAPPING events from decorations provider vscode.git 297
[2021-08-30 21:18:28.303] [exthost] [warning] [Decorations] CAPPING events from decorations provider vscode.git 298
[2021-08-30 21:18:33.385] [exthost] [warning] [Decorations] CAPPING events from decorations provider vscode.git 298
[2021-08-30 21:18:43.462] [exthost] [warning] [Decorations] CAPPING events from decorations provider vscode.git 299
[2021-08-30 21:22:49.063] [exthost] [warning] [Decorations] CAPPING events from decorations provider vscode.git 299
[2021-08-30 21:22:54.179] [exthost] [warning] [Decorations] CAPPING events from decorations provider vscode.git 293
[2021-08-30 21:30:12.636] [exthost] [warning] [Decorations] CAPPING events from decorations provider vscode.git 293
[2021-08-30 21:30:17.743] [exthost] [warning] [Decorations] CAPPING events from decorations provider vscode.git 293
[2021-08-30 21:34:35.658] [exthost] [warning] [Decorations] CAPPING events from decorations provider vscode.git 293
[2021-08-30 21:44:57.902] [exthost] [warning] [Decorations] CAPPING events from decorations provider vscode.git 293
[2021-08-30 21:45:03.018] [exthost] [warning] [Decorations] CAPPING events from decorations provider vscode.git 293
